/home/joseph/maxtext-parcae-port/.venv/lib/python3.12/site-packages/jax/_src/cloud_tpu_init.py:93: UserWarning: Transparent hugepages are not enabled. TPU runtime startup and shutdown time should be significantly improved on TPU v5e and newer. If not already set, you may need to enable transparent hugepages in your VM image (sudo sh -c "echo always > /sys/kernel/mm/transparent_hugepage/enabled")
  warnings.warn(
PyTorch was not found. Models won't be available and only tokenizers, configuration and file/data utilities can be used.
2026-04-19 21:02:56.997415: E external/local_xla/xla/stream_executor/cuda/cuda_platform.cc:51] failed call to cuInit: INTERNAL: CUDA error: Failed call to cuInit: UNKNOWN ERROR (303)
W0419 21:02:56.997623 140684912880768 pyconfig.py:88] No config file provided, using default config mapping: /home/joseph/maxtext-parcae-port/src/maxtext/configs/base.yml
I0419 21:02:58.622241 140684912880768 max_utils.py:800] System Information: Jax Version: 0.9.2
I0419 21:02:58.622359 140684912880768 max_utils.py:801] System Information: Jaxlib Version: 0.9.2
I0419 21:02:58.622404 140684912880768 max_utils.py:802] System Information: Jax Backend: PJRT C API
TFRT TPU v5 lite
Built on Mar 4 2026 11:32:08 (1772652728) cl/878335365
I0419 21:02:59.116554 140684912880768 maxtext_utils.py:1551] Num_devices: 1, shape (1, 1, 1, 1, 1, 1, 1, 1, 1, 1, 1, 1, 1)
I0419 21:02:59.116802 140684912880768 checkpointing.py:677] Setting up checkpoint logger...
I0419 21:02:59.116855 140684912880768 checkpointing.py:230] Checkpointing disabled, not creating checkpoint manager.
I0419 21:02:59.154836 140684912880768 config.py:112] TensorFlow version 2.20.0 available.
I0419 21:02:59.155361 140684912880768 config.py:125] JAX version 0.9.2 available.
I0419 21:02:59.343209 140684912880768 _client.py:1025] HTTP Request: HEAD https://huggingface.co/datasets/Salesforce/wikitext/resolve/main/README.md "HTTP/1.1 307 Temporary Redirect"
I0419 21:02:59.360859 140684912880768 _client.py:1025] HTTP Request: HEAD https://huggingface.co/api/resolve-cache/datasets/Salesforce/wikitext/b08601e04326c79dfdd32d625aee71d232d685c3/README.md "HTTP/1.1 200 OK"
I0419 21:02:59.443521 140684912880768 _client.py:1025] HTTP Request: HEAD https://huggingface.co/datasets/Salesforce/wikitext/resolve/b08601e04326c79dfdd32d625aee71d232d685c3/wikitext.py "HTTP/1.1 404 Not Found"
I0419 21:02:59.675119 140684912880768 _client.py:1025] HTTP Request: HEAD https://s3.amazonaws.com/datasets.huggingface.co/datasets/datasets/Salesforce/wikitext/Salesforce/wikitext.py "HTTP/1.1 404 Not Found"
I0419 21:02:59.763095 140684912880768 _client.py:1025] HTTP Request: GET https://huggingface.co/api/datasets/Salesforce/wikitext/revision/b08601e04326c79dfdd32d625aee71d232d685c3 "HTTP/1.1 200 OK"
I0419 21:02:59.842861 140684912880768 _client.py:1025] HTTP Request: HEAD https://huggingface.co/datasets/Salesforce/wikitext/resolve/b08601e04326c79dfdd32d625aee71d232d685c3/.huggingface.yaml "HTTP/1.1 404 Not Found"
I0419 21:02:59.974506 140684912880768 _client.py:1025] HTTP Request: GET https://datasets-server.huggingface.co/info?dataset=Salesforce/wikitext "HTTP/1.1 200 OK"
I0419 21:03:00.056139 140684912880768 _client.py:1025] HTTP Request: GET https://huggingface.co/api/datasets/Salesforce/wikitext/tree/b08601e04326c79dfdd32d625aee71d232d685c3/wikitext-103-raw-v1?recursive=true&expand=false "HTTP/1.1 200 OK"
I0419 21:03:00.136000 140684912880768 _client.py:1025] HTTP Request: GET https://huggingface.co/api/datasets/Salesforce/wikitext/tree/b08601e04326c79dfdd32d625aee71d232d685c3?recursive=false&expand=false "HTTP/1.1 200 OK"
I0419 21:03:00.214547 140684912880768 _client.py:1025] HTTP Request: HEAD https://huggingface.co/datasets/Salesforce/wikitext/resolve/b08601e04326c79dfdd32d625aee71d232d685c3/dataset_infos.json "HTTP/1.1 404 Not Found"
Warning: You are sending unauthenticated requests to the HF Hub. Please set a HF_TOKEN to enable higher rate limits and faster downloads.
W0419 21:03:00.214696 140684912880768 _http.py:916] Warning: You are sending unauthenticated requests to the HF Hub. Please set a HF_TOKEN to enable higher rate limits and faster downloads.
I0419 21:03:00.597956 140684912880768 _client.py:1025] HTTP Request: HEAD https://huggingface.co/openlm-research/open_llama_3b_v2/resolve/main/config.json "HTTP/1.1 307 Temporary Redirect"
I0419 21:03:00.611867 140684912880768 _client.py:1025] HTTP Request: HEAD https://huggingface.co/api/resolve-cache/models/openlm-research/open_llama_3b_v2/bce5d60d3b0c68318862270ec4e794d83308d80a/config.json "HTTP/1.1 200 OK"
I0419 21:03:00.701597 140684912880768 _client.py:1025] HTTP Request: HEAD https://huggingface.co/openlm-research/open_llama_3b_v2/resolve/main/tokenizer_config.json "HTTP/1.1 307 Temporary Redirect"
I0419 21:03:00.715983 140684912880768 _client.py:1025] HTTP Request: HEAD https://huggingface.co/api/resolve-cache/models/openlm-research/open_llama_3b_v2/bce5d60d3b0c68318862270ec4e794d83308d80a/tokenizer_config.json "HTTP/1.1 200 OK"
I0419 21:03:00.800835 140684912880768 _client.py:1025] HTTP Request: GET https://huggingface.co/api/models/openlm-research/open_llama_3b_v2/tree/main/additional_chat_templates?recursive=false&expand=false "HTTP/1.1 404 Not Found"
I0419 21:03:00.883302 140684912880768 _client.py:1025] HTTP Request: GET https://huggingface.co/api/models/openlm-research/open_llama_3b_v2/tree/main?recursive=true&expand=false "HTTP/1.1 200 OK"
E0419 21:03:01.049968 140684912880768 packing.py:209] PackAndBatchOperation is deprecated. Please use lazy_dataset.FirstFitPackIterDataset instead.
I0419 21:03:01.128857 140684912880768 _client.py:1025] HTTP Request: HEAD https://huggingface.co/datasets/Salesforce/wikitext/resolve/main/README.md "HTTP/1.1 307 Temporary Redirect"
I0419 21:03:01.142712 140684912880768 _client.py:1025] HTTP Request: HEAD https://huggingface.co/api/resolve-cache/datasets/Salesforce/wikitext/b08601e04326c79dfdd32d625aee71d232d685c3/README.md "HTTP/1.1 200 OK"
I0419 21:03:01.223834 140684912880768 _client.py:1025] HTTP Request: HEAD https://huggingface.co/datasets/Salesforce/wikitext/resolve/b08601e04326c79dfdd32d625aee71d232d685c3/wikitext.py "HTTP/1.1 404 Not Found"
I0419 21:03:01.291960 140684912880768 _client.py:1025] HTTP Request: HEAD https://s3.amazonaws.com/datasets.huggingface.co/datasets/datasets/Salesforce/wikitext/Salesforce/wikitext.py "HTTP/1.1 404 Not Found"
I0419 21:03:01.387577 140684912880768 _client.py:1025] HTTP Request: HEAD https://huggingface.co/datasets/Salesforce/wikitext/resolve/b08601e04326c79dfdd32d625aee71d232d685c3/.huggingface.yaml "HTTP/1.1 404 Not Found"
I0419 21:03:01.488718 140684912880768 _client.py:1025] HTTP Request: GET https://datasets-server.huggingface.co/info?dataset=Salesforce/wikitext "HTTP/1.1 200 OK"
I0419 21:03:01.571192 140684912880768 _client.py:1025] HTTP Request: HEAD https://huggingface.co/datasets/Salesforce/wikitext/resolve/b08601e04326c79dfdd32d625aee71d232d685c3/dataset_infos.json "HTTP/1.1 404 Not Found"
I0419 21:03:01.651023 140684912880768 _client.py:1025] HTTP Request: HEAD https://huggingface.co/openlm-research/open_llama_3b_v2/resolve/main/config.json "HTTP/1.1 307 Temporary Redirect"
I0419 21:03:01.665591 140684912880768 _client.py:1025] HTTP Request: HEAD https://huggingface.co/api/resolve-cache/models/openlm-research/open_llama_3b_v2/bce5d60d3b0c68318862270ec4e794d83308d80a/config.json "HTTP/1.1 200 OK"
I0419 21:03:01.745833 140684912880768 _client.py:1025] HTTP Request: HEAD https://huggingface.co/openlm-research/open_llama_3b_v2/resolve/main/tokenizer_config.json "HTTP/1.1 307 Temporary Redirect"
I0419 21:03:01.759680 140684912880768 _client.py:1025] HTTP Request: HEAD https://huggingface.co/api/resolve-cache/models/openlm-research/open_llama_3b_v2/bce5d60d3b0c68318862270ec4e794d83308d80a/tokenizer_config.json "HTTP/1.1 200 OK"
I0419 21:03:01.840155 140684912880768 _client.py:1025] HTTP Request: GET https://huggingface.co/api/models/openlm-research/open_llama_3b_v2/tree/main/additional_chat_templates?recursive=false&expand=false "HTTP/1.1 404 Not Found"
I0419 21:03:01.922013 140684912880768 _client.py:1025] HTTP Request: GET https://huggingface.co/api/models/openlm-research/open_llama_3b_v2/tree/main?recursive=true&expand=false "HTTP/1.1 200 OK"
E0419 21:03:02.090715 140684912880768 packing.py:209] PackAndBatchOperation is deprecated. Please use lazy_dataset.FirstFitPackIterDataset instead.
I0419 21:03:03.029133 140684912880768 checkpointing.py:665] No existing checkpoints found, not restoring checkpoint.
I0419 21:03:24.918937 140684912880768 max_utils.py:791] Total memory size: 1.5 GB, Output size: 0.1 GB, Temp size: 1.4 GB, Argument size: 0.1 GB, Host temp size: 0.0 GB.
I0419 21:03:24.932774 140684912880768 metric_logger.py:301] number parameters: 0.010 billion
Per train step:
 Total TFLOPs: 0.63 
 split as 95.94% learnable weight flops and 4.06% attention flops
/home/joseph/maxtext-parcae-port/.venv/lib/python3.12/site-packages/jax/_src/cloud_tpu_init.py:93: UserWarning: Transparent hugepages are not enabled. TPU runtime startup and shutdown time should be significantly improved on TPU v5e and newer. If not already set, you may need to enable transparent hugepages in your VM image (sudo sh -c "echo always > /sys/kernel/mm/transparent_hugepage/enabled")
  warnings.warn(
PyTorch was not found. Models won't be available and only tokenizers, configuration and file/data utilities can be used.
I0419 21:03:52.309803 140684912880768 max_utils.py:750] 
Memstats: After params initialized:
I0419 21:03:52.309959 140684912880768 max_utils.py:756] 	Using (GB) 0.21 / 15.75 (1.333333%) on TPU_0(process=0,(0,0,0,0))
I0419 21:03:52.480783 140684912880768 metric_logger.py:196] completed step: 0, seconds: 27.321, TFLOP/s/device: 0.023, Tokens/s/device: 599.683, total_weights: 14916, loss: 10.857, lm_loss: 10.857, perplexity: 51877.293
I0419 21:03:52.482834 140684912880768 metric_logger.py:281] To see full metrics 'tensorboard --logdir=gs://fractal-maxtext-runs-81f2add4/parcae8-parcae-rgrp-control-seed42-20260419T2057Z-parcae8-smoke/tensorboard/'
I0419 21:03:52.565119 140684912880768 metric_logger.py:196] completed step: 1, seconds: 0.170, TFLOP/s/device: 3.728, Tokens/s/device: 96259.826, total_weights: 15275, loss: 10.458, lm_loss: 10.458, perplexity: 34822.504
I0419 21:03:52.592244 140684912880768 metric_logger.py:196] completed step: 2, seconds: 0.084, TFLOP/s/device: 7.527, Tokens/s/device: 194328.142, total_weights: 14231, loss: 10.035, lm_loss: 10.035, perplexity: 22803.314
/home/joseph/maxtext-parcae-port/.venv/lib/python3.12/site-packages/jax/_src/cloud_tpu_init.py:93: UserWarning: Transparent hugepages are not enabled. TPU runtime startup and shutdown time should be significantly improved on TPU v5e and newer. If not already set, you may need to enable transparent hugepages in your VM image (sudo sh -c "echo always > /sys/kernel/mm/transparent_hugepage/enabled")
  warnings.warn(
PyTorch was not found. Models won't be available and only tokenizers, configuration and file/data utilities can be used.
I0419 21:04:05.012637 140684912880768 train.py:620] Completed eval step 0
I0419 21:04:05.015130 140684912880768 metric_logger.py:216] eval metrics after step: 4, loss=9.625, perplexity=15137.224, total_weights=15302.0
I0419 21:04:05.017056 140684912880768 metric_logger.py:196] completed step: 3, seconds: 0.007, TFLOP/s/device: 91.346, Tokens/s/device: 2358428.098, total_weights: 15521, loss: 9.844, lm_loss: 9.844, perplexity: 18838.088
I0419 21:04:05.019647 140684912880768 metric_logger.py:196] completed step: 4, seconds: 0.027, TFLOP/s/device: 23.467, Tokens/s/device: 605894.752, total_weights: 14238, loss: 9.791, lm_loss: 9.791, perplexity: 17878.086
/home/joseph/.local/share/uv/python/cpython-3.12.13-linux-x86_64-gnu/lib/python3.12/multiprocessing/resource_tracker.py:279: UserWarning: resource_tracker: There appear to be 10 leaked shared_memory objects to clean up at shutdown
  warnings.warn('resource_tracker: There appear to be %d '
