/home/joseph/maxtext-parcae-port/.venv/lib/python3.12/site-packages/jax/_src/cloud_tpu_init.py:93: UserWarning: Transparent hugepages are not enabled. TPU runtime startup and shutdown time should be significantly improved on TPU v5e and newer. If not already set, you may need to enable transparent hugepages in your VM image (sudo sh -c "echo always > /sys/kernel/mm/transparent_hugepage/enabled")
  warnings.warn(
PyTorch was not found. Models won't be available and only tokenizers, configuration and file/data utilities can be used.
2026-04-19 20:59:36.149224: E external/local_xla/xla/stream_executor/cuda/cuda_platform.cc:51] failed call to cuInit: INTERNAL: CUDA error: Failed call to cuInit: UNKNOWN ERROR (303)
W0419 20:59:36.149425 139995124096128 pyconfig.py:88] No config file provided, using default config mapping: /home/joseph/maxtext-parcae-port/src/maxtext/configs/base.yml
I0419 20:59:37.700654 139995124096128 max_utils.py:800] System Information: Jax Version: 0.9.2
I0419 20:59:37.700775 139995124096128 max_utils.py:801] System Information: Jaxlib Version: 0.9.2
I0419 20:59:37.700829 139995124096128 max_utils.py:802] System Information: Jax Backend: PJRT C API
TFRT TPU v5 lite
Built on Mar 4 2026 11:32:08 (1772652728) cl/878335365
I0419 20:59:38.164247 139995124096128 maxtext_utils.py:1551] Num_devices: 1, shape (1, 1, 1, 1, 1, 1, 1, 1, 1, 1, 1, 1, 1)
I0419 20:59:38.164525 139995124096128 checkpointing.py:677] Setting up checkpoint logger...
I0419 20:59:38.164585 139995124096128 checkpointing.py:230] Checkpointing disabled, not creating checkpoint manager.
I0419 20:59:38.201605 139995124096128 config.py:112] TensorFlow version 2.20.0 available.
I0419 20:59:38.202141 139995124096128 config.py:125] JAX version 0.9.2 available.
I0419 20:59:38.383321 139995124096128 _client.py:1025] HTTP Request: HEAD https://huggingface.co/datasets/Salesforce/wikitext/resolve/main/README.md "HTTP/1.1 307 Temporary Redirect"
I0419 20:59:38.394166 139995124096128 _client.py:1025] HTTP Request: HEAD https://huggingface.co/api/resolve-cache/datasets/Salesforce/wikitext/b08601e04326c79dfdd32d625aee71d232d685c3/README.md "HTTP/1.1 200 OK"
I0419 20:59:38.479303 139995124096128 _client.py:1025] HTTP Request: HEAD https://huggingface.co/datasets/Salesforce/wikitext/resolve/b08601e04326c79dfdd32d625aee71d232d685c3/wikitext.py "HTTP/1.1 404 Not Found"
Warning: You are sending unauthenticated requests to the HF Hub. Please set a HF_TOKEN to enable higher rate limits and faster downloads.
W0419 20:59:38.479435 139995124096128 _http.py:916] Warning: You are sending unauthenticated requests to the HF Hub. Please set a HF_TOKEN to enable higher rate limits and faster downloads.
I0419 20:59:38.683184 139995124096128 _client.py:1025] HTTP Request: HEAD https://s3.amazonaws.com/datasets.huggingface.co/datasets/datasets/Salesforce/wikitext/Salesforce/wikitext.py "HTTP/1.1 404 Not Found"
I0419 20:59:38.778134 139995124096128 _client.py:1025] HTTP Request: GET https://huggingface.co/api/datasets/Salesforce/wikitext/revision/b08601e04326c79dfdd32d625aee71d232d685c3 "HTTP/1.1 200 OK"
I0419 20:59:38.865191 139995124096128 _client.py:1025] HTTP Request: HEAD https://huggingface.co/datasets/Salesforce/wikitext/resolve/b08601e04326c79dfdd32d625aee71d232d685c3/.huggingface.yaml "HTTP/1.1 404 Not Found"
I0419 20:59:39.006172 139995124096128 _client.py:1025] HTTP Request: GET https://datasets-server.huggingface.co/info?dataset=Salesforce/wikitext "HTTP/1.1 200 OK"
I0419 20:59:39.097714 139995124096128 _client.py:1025] HTTP Request: GET https://huggingface.co/api/datasets/Salesforce/wikitext/tree/b08601e04326c79dfdd32d625aee71d232d685c3/wikitext-103-raw-v1?recursive=true&expand=false "HTTP/1.1 200 OK"
I0419 20:59:39.183260 139995124096128 _client.py:1025] HTTP Request: GET https://huggingface.co/api/datasets/Salesforce/wikitext/tree/b08601e04326c79dfdd32d625aee71d232d685c3?recursive=false&expand=false "HTTP/1.1 200 OK"
I0419 20:59:39.270641 139995124096128 _client.py:1025] HTTP Request: HEAD https://huggingface.co/datasets/Salesforce/wikitext/resolve/b08601e04326c79dfdd32d625aee71d232d685c3/dataset_infos.json "HTTP/1.1 404 Not Found"
I0419 20:59:39.656003 139995124096128 _client.py:1025] HTTP Request: HEAD https://huggingface.co/openlm-research/open_llama_3b_v2/resolve/main/config.json "HTTP/1.1 307 Temporary Redirect"
I0419 20:59:39.667339 139995124096128 _client.py:1025] HTTP Request: HEAD https://huggingface.co/api/resolve-cache/models/openlm-research/open_llama_3b_v2/bce5d60d3b0c68318862270ec4e794d83308d80a/config.json "HTTP/1.1 200 OK"
I0419 20:59:39.763045 139995124096128 _client.py:1025] HTTP Request: HEAD https://huggingface.co/openlm-research/open_llama_3b_v2/resolve/main/tokenizer_config.json "HTTP/1.1 307 Temporary Redirect"
I0419 20:59:39.773986 139995124096128 _client.py:1025] HTTP Request: HEAD https://huggingface.co/api/resolve-cache/models/openlm-research/open_llama_3b_v2/bce5d60d3b0c68318862270ec4e794d83308d80a/tokenizer_config.json "HTTP/1.1 200 OK"
I0419 20:59:39.867657 139995124096128 _client.py:1025] HTTP Request: GET https://huggingface.co/api/models/openlm-research/open_llama_3b_v2/tree/main/additional_chat_templates?recursive=false&expand=false "HTTP/1.1 404 Not Found"
I0419 20:59:39.954518 139995124096128 _client.py:1025] HTTP Request: GET https://huggingface.co/api/models/openlm-research/open_llama_3b_v2/tree/main?recursive=true&expand=false "HTTP/1.1 200 OK"
E0419 20:59:40.125212 139995124096128 packing.py:209] PackAndBatchOperation is deprecated. Please use lazy_dataset.FirstFitPackIterDataset instead.
I0419 20:59:40.210587 139995124096128 _client.py:1025] HTTP Request: HEAD https://huggingface.co/datasets/Salesforce/wikitext/resolve/main/README.md "HTTP/1.1 307 Temporary Redirect"
I0419 20:59:40.220496 139995124096128 _client.py:1025] HTTP Request: HEAD https://huggingface.co/api/resolve-cache/datasets/Salesforce/wikitext/b08601e04326c79dfdd32d625aee71d232d685c3/README.md "HTTP/1.1 200 OK"
I0419 20:59:40.304670 139995124096128 _client.py:1025] HTTP Request: HEAD https://huggingface.co/datasets/Salesforce/wikitext/resolve/b08601e04326c79dfdd32d625aee71d232d685c3/wikitext.py "HTTP/1.1 404 Not Found"
I0419 20:59:40.370613 139995124096128 _client.py:1025] HTTP Request: HEAD https://s3.amazonaws.com/datasets.huggingface.co/datasets/datasets/Salesforce/wikitext/Salesforce/wikitext.py "HTTP/1.1 404 Not Found"
I0419 20:59:40.467717 139995124096128 _client.py:1025] HTTP Request: HEAD https://huggingface.co/datasets/Salesforce/wikitext/resolve/b08601e04326c79dfdd32d625aee71d232d685c3/.huggingface.yaml "HTTP/1.1 404 Not Found"
I0419 20:59:40.569195 139995124096128 _client.py:1025] HTTP Request: GET https://datasets-server.huggingface.co/info?dataset=Salesforce/wikitext "HTTP/1.1 200 OK"
I0419 20:59:40.655200 139995124096128 _client.py:1025] HTTP Request: HEAD https://huggingface.co/datasets/Salesforce/wikitext/resolve/b08601e04326c79dfdd32d625aee71d232d685c3/dataset_infos.json "HTTP/1.1 404 Not Found"
I0419 20:59:40.743030 139995124096128 _client.py:1025] HTTP Request: HEAD https://huggingface.co/openlm-research/open_llama_3b_v2/resolve/main/config.json "HTTP/1.1 307 Temporary Redirect"
I0419 20:59:40.753521 139995124096128 _client.py:1025] HTTP Request: HEAD https://huggingface.co/api/resolve-cache/models/openlm-research/open_llama_3b_v2/bce5d60d3b0c68318862270ec4e794d83308d80a/config.json "HTTP/1.1 200 OK"
I0419 20:59:40.841825 139995124096128 _client.py:1025] HTTP Request: HEAD https://huggingface.co/openlm-research/open_llama_3b_v2/resolve/main/tokenizer_config.json "HTTP/1.1 307 Temporary Redirect"
I0419 20:59:40.852292 139995124096128 _client.py:1025] HTTP Request: HEAD https://huggingface.co/api/resolve-cache/models/openlm-research/open_llama_3b_v2/bce5d60d3b0c68318862270ec4e794d83308d80a/tokenizer_config.json "HTTP/1.1 200 OK"
I0419 20:59:40.938619 139995124096128 _client.py:1025] HTTP Request: GET https://huggingface.co/api/models/openlm-research/open_llama_3b_v2/tree/main/additional_chat_templates?recursive=false&expand=false "HTTP/1.1 404 Not Found"
I0419 20:59:41.031512 139995124096128 _client.py:1025] HTTP Request: GET https://huggingface.co/api/models/openlm-research/open_llama_3b_v2/tree/main?recursive=true&expand=false "HTTP/1.1 200 OK"
E0419 20:59:41.197661 139995124096128 packing.py:209] PackAndBatchOperation is deprecated. Please use lazy_dataset.FirstFitPackIterDataset instead.
I0419 20:59:42.062119 139995124096128 checkpointing.py:665] No existing checkpoints found, not restoring checkpoint.
I0419 21:00:01.110562 139995124096128 max_utils.py:791] Total memory size: 1.2 GB, Output size: 0.1 GB, Temp size: 1.1 GB, Argument size: 0.1 GB, Host temp size: 0.0 GB.
I0419 21:00:01.124271 139995124096128 metric_logger.py:301] number parameters: 0.010 billion
Per train step:
 Total TFLOPs: 0.63 
 split as 95.94% learnable weight flops and 4.06% attention flops
/home/joseph/maxtext-parcae-port/.venv/lib/python3.12/site-packages/jax/_src/cloud_tpu_init.py:93: UserWarning: Transparent hugepages are not enabled. TPU runtime startup and shutdown time should be significantly improved on TPU v5e and newer. If not already set, you may need to enable transparent hugepages in your VM image (sudo sh -c "echo always > /sys/kernel/mm/transparent_hugepage/enabled")
  warnings.warn(
PyTorch was not found. Models won't be available and only tokenizers, configuration and file/data utilities can be used.
I0419 21:00:26.948367 139995124096128 max_utils.py:750] 
Memstats: After params initialized:
I0419 21:00:26.948508 139995124096128 max_utils.py:756] 	Using (GB) 0.2 / 15.75 (1.269841%) on TPU_0(process=0,(0,0,0,0))
I0419 21:00:27.109217 139995124096128 metric_logger.py:196] completed step: 0, seconds: 25.773, TFLOP/s/device: 0.025, Tokens/s/device: 635.703, total_weights: 14916, loss: 10.856, lm_loss: 10.856, perplexity: 51862.199
I0419 21:00:27.111377 139995124096128 metric_logger.py:281] To see full metrics 'tensorboard --logdir=gs://fractal-maxtext-runs-81f2add4/parcae8-parcae-looped-seed42-20260419T2057Z-parcae8-smoke/tensorboard/'
I0419 21:00:27.204031 139995124096128 metric_logger.py:196] completed step: 1, seconds: 0.160, TFLOP/s/device: 3.965, Tokens/s/device: 102377.605, total_weights: 15275, loss: 10.446, lm_loss: 10.446, perplexity: 34412.723
I0419 21:00:27.229102 139995124096128 metric_logger.py:196] completed step: 2, seconds: 0.095, TFLOP/s/device: 6.684, Tokens/s/device: 172559.428, total_weights: 14231, loss: 10.029, lm_loss: 10.029, perplexity: 22682.742
/home/joseph/maxtext-parcae-port/.venv/lib/python3.12/site-packages/jax/_src/cloud_tpu_init.py:93: UserWarning: Transparent hugepages are not enabled. TPU runtime startup and shutdown time should be significantly improved on TPU v5e and newer. If not already set, you may need to enable transparent hugepages in your VM image (sudo sh -c "echo always > /sys/kernel/mm/transparent_hugepage/enabled")
  warnings.warn(
PyTorch was not found. Models won't be available and only tokenizers, configuration and file/data utilities can be used.
I0419 21:00:39.589078 139995124096128 train.py:620] Completed eval step 0
I0419 21:00:39.591273 139995124096128 metric_logger.py:216] eval metrics after step: 4, loss=9.626, perplexity=15149.796, total_weights=15302.0
I0419 21:00:39.593072 139995124096128 metric_logger.py:196] completed step: 3, seconds: 0.007, TFLOP/s/device: 95.945, Tokens/s/device: 2477169.640, total_weights: 15521, loss: 9.842, lm_loss: 9.842, perplexity: 18802.637
I0419 21:00:39.596072 139995124096128 metric_logger.py:196] completed step: 4, seconds: 0.026, TFLOP/s/device: 24.506, Tokens/s/device: 632709.017, total_weights: 14238, loss: 9.792, lm_loss: 9.792, perplexity: 17881.975
/home/joseph/.local/share/uv/python/cpython-3.12.13-linux-x86_64-gnu/lib/python3.12/multiprocessing/resource_tracker.py:279: UserWarning: resource_tracker: There appear to be 5 leaked shared_memory objects to clean up at shutdown
  warnings.warn('resource_tracker: There appear to be %d '
